0:00 ------------------------------------------------------------
 0:00 InitGame: \sv_floodProtect\1\sv_maxPing\0\sv_minPing\0\sv_maxRate\10000\sv_minRate\0\sv_hostname\Code Miner Server\g_gametype\0\sv_privateClients\2\sv_maxclients\16\sv_allowDownload\0\dmflags\0\fraglimit\20\timelimit\15\g_maxGameClients\0\capturelimit\8\version\ioq3 1.36 linux-x86_64 Apr 12 2009\protocol\68\mapname\q3dm17\gamename\baseq3\g_needpass\0
 15:00 Exit: Timelimit hit.
 20:34 ClientConnect: 2
 20:34 ClientUserinfoChanged: 2 n\Isgalamido\t\0\model\xian/default\hmodel\xian/default\g_redteam\\g_blueteam\\c1\4\c2\5\hc\100\w\0\l\0\tt\0\tl\0
 20:37 ClientUserinfoChanged: 2 n\Isgalamido\t\0\model\uriel/zael\hmodel\uriel/zael\g_redteam\\g_blueteam\\c1\5\c2\5\hc\100\w\0\l\0\tt\0\tl\0
 20:37 ClientBegin: 2
 20:37 ShutdownGame:
 20:37 ------------------------------------------------------------
 20:37 ------------------------------------------------------------
  20:37 InitGame: \sv_floodProtect\1\sv_maxPing\0\sv_minPing\0\sv_maxRate\10000\sv_minRate\0\sv_hostname\Code Miner Server\g_gametype\0\sv_privateClients\2\sv_maxclients\16\sv_allowDownload\0\bot_minplayers\0\dmflags\0\fraglimit\20\timelimit\15\g_maxGameClients\0\capturelimit\8\version\ioq3 1.36 linux-x86_64 Apr 12 2009\protocol\68\mapname\q3dm17\gamename\baseq3\g_needpass\0
 20:38 ClientConnect: 2
 20:38 ClientUserinfoChanged: 2 n\Isgalamido\t\0\model\uriel/zael\hmodel\uriel/zael\g_redteam\\g_blueteam\\c1\5\c2\5\hc\100\w\0\l\0\tt\0\tl\0
 20:38 ClientBegin: 2
 21:10 ClientDisconnect: 2
 21:15 ClientConnect: 2
 21:15 ClientUserinfoChanged: 2 n\Isgalamido\t\0\model\uriel/zael\hmodel\uriel/zael\g_redteam\\g_blueteam\\c1\5\c2\5\hc\100\w\0\l\0\tt\0\tl\0
 21:17 ClientUserinfoChanged: 2 n\Isgalamido\t\0\model\uriel/zael\hmodel\uriel/zael\g_redteam\\g_blueteam\\c1\5\c2\5\hc\100\w\0\l\0\tt\0\tl\0
 21:17 ClientBegin: 2
 21:51 ClientConnect: 3
 21:51 ClientUserinfoChanged: 3 n\Dono da Bola\t\0\model\sarge/krusade\hmodel\sarge/krusade\g_redteam\\g_blueteam\\c1\5\c2\5\hc\95\w\0\l\0\tt\0\tl\0
 21:53 ClientUserinfoChanged: 3 n\Mocinha\t\0\model\sarge\hmodel\sarge\g_redteam\\g_blueteam\\c1\4\c2\5\hc\95\w\0\l\0\tt\0\tl\0
 21:53 ClientBegin: 3
 22:06 Kill: 2 3 7: Isgalamido killed Mocinha by MOD_ROCKET_SPLASH
 22:06 Kill: 3 2 7: Dono da Bola killed Isgalamido by MOD_ROCKET_SPLASH
 9:25 Kill: 3 2 1: Isgalamido killed Dono da Bola by MOD_SHOTGUN
 9:25 Kill: 3 2 1: Isgalamido killed Dono da Bola by MOD_SHOTGUN
 9:25 Kill: 3 2 1: Isgalamido killed Dono da Bola by MOD_SHOTGUN
 9:25 Kill: 3 2 1: Isgalamido killed Dono da Bola by MOD_SHOTGUN
 9:25 Kill: 3 2 1: Isgalamido killed Dono da Bola by MOD_SHOTGUN
 9:25 Kill: 3 2 1: Isgalamido killed Dono da Bola by MOD_SHOTGUN
 9:25 Kill: 3 2 1: Isgalamido killed Dono da Bola by MOD_SHOTGUN
 9:25 Kill: 3 2 1: Isgalamido killed Dono da Bola by MOD_SHOTGUN
 9:25 Kill: 3 2 1: Isgalamido killed Dono da Bola by MOD_SHOTGUN
 9:25 Kill: 3 2 1: Isgalamido killed Dono da Bola by MOD_SHOTGUN
 9:10 Kill: 2 4 10: Isgalamido killed Dono da Bola by MOD_RAILGUN
 9:10 Kill: 2 4 10: Isgalamido killed Dono da Bola by MOD_RAILGUN
 10:39 Kill: 2 7 7: Isgalamido killed Dono da Bola by MOD_ROCKET_SPLASH
 22:11 ClientDisconnect: 3
 26  0:00 ------------------------------------------------------------